<?xml version="1.0" encoding="UTF-8"?>
<!-- Generated by org.testng.reporters.JUnitXMLReporter -->
<testsuite ignored="0" hostname="LAPTOP-O5TD7OC9" failures="0" tests="6" name="Default test" time="2.202" errors="0" timestamp="2026-01-18T15:35:50 IST">
  <testcase classname="files.DynamicJson" name="AddBook" time="1.441"/>
  <testcase classname="files.DynamicJson" name="AddBook" time="0.15"/>
  <testcase classname="files.DynamicJson" name="AddBook" time="0.162"/>
  <testcase classname="files.DynamicJson" name="DeleteBook" time="0.162"/>
  <testcase classname="files.DynamicJson" name="DeleteBook" time="0.154"/>
  <testcase classname="files.DynamicJson" name="DeleteBook" time="0.099"/>
</testsuite> <!-- Default test -->
