<?xml version="1.0" encoding="UTF-8"?>
<!-- Generated by org.testng.reporters.JUnitReportReporter -->
<testsuite hostname="LAPTOP-O5TD7OC9" failures="0" tests="6" name="files.DynamicJson" time="2.168" errors="0" timestamp="2026-01-18T15:35:50 IST" skipped="0">
  <testcase classname="files.DynamicJson" name="AddBook" time="0.162"/>
  <testcase classname="files.DynamicJson" name="AddBook" time="1.441"/>
  <testcase classname="files.DynamicJson" name="DeleteBook" time="0.099"/>
  <testcase classname="files.DynamicJson" name="AddBook" time="0.150"/>
  <testcase classname="files.DynamicJson" name="DeleteBook" time="0.154"/>
  <testcase classname="files.DynamicJson" name="DeleteBook" time="0.162"/>
</testsuite> <!-- files.DynamicJson -->
